[debug] > Exec(early(addDefaultCommands), None, None)
[debug] > Exec(addDefaultCommands, None, None)
[debug] > Exec(early(initialize), None, None)
[debug] > Exec(initialize, None, None)
[debug] > Exec(early(addPluginSbtFile="""C:\Users\tangu\AppData\Local\Temp\idea.sbt"""), None, None)
[debug] > Exec(addPluginSbtFile="""C:\Users\tangu\AppData\Local\Temp\idea.sbt""", None, None)
[debug] > Exec(boot, None, None)
[debug] > Exec(writeSbtVersion, None, None)
[debug] > Exec(reload, None, None)
[debug] > Exec(sbtStashOnFailure, None, None)
[debug] > Exec(onFailure loadFailed, None, None)
[debug] > Exec(loadp, None, None)
[info] welcome to sbt 1.9.9 (Oracle Corporation Java 20.0.1)
[debug] Load.defaultLoad until apply took 100.8813ms
[debug]           Load.loadUnit: plugins took 79.709ms
[debug]           Load.loadUnit: defsScala took 0.570701ms
[debug] [Loading] Scanning directory C:\Users\tangu\OneDrive\01 UNI\01 Sommersemester 24\SE\Scrabble\Scrabble\project
[debug]             Load.loadUnit: mkEval took 5.4042ms
[debug] [Loading] Found non-root projects 
[debug] [Loading] Done in C:\Users\tangu\OneDrive\01 UNI\01 Sommersemester 24\SE\Scrabble\Scrabble\project, returning: ()
[debug] deducing auto plugins based on known facts Set(Atom(sbt.plugins.CorePlugin)) and clauses Clauses(Clause(Atom(sbt.plugins.JvmPlugin),Set(Atom(sbt.plugins.IvyPlugin)))
[debug] Clause(Atom(sbt.ScriptedPlugin),Set(Atom(sbt.plugins.JvmPlugin)))
[debug] Clause(Atom(sbt.plugins.SbtPlugin),Set(Atom(sbt.ScriptedPlugin)))
[debug] Clause(Atom(sbt.plugins.SemanticdbPlugin),Set(Atom(sbt.plugins.JvmPlugin)))
[debug] Clause(Atom(sbt.plugins.JUnitXmlReportPlugin),Set(Atom(sbt.plugins.JvmPlugin)))
[debug] Clause(Atom(sbt.plugins.MiniDependencyTreePlugin),Set(Atom(sbt.plugins.JvmPlugin)))
[debug] Clause(Atom(sbt.plugins.CorePlugin),Set(Atom(sbt.plugins.IvyPlugin)))
[debug] Clause(Atom(sbt.plugins.IvyPlugin),Set(Atom(sbt.plugins.JvmPlugin)))
[debug] Clause(Atom(sbt.plugins.JvmPlugin),Set(Atom(sbt.plugins.SemanticdbPlugin)))
[debug] Clause(Atom(sbt.plugins.JvmPlugin),Set(Atom(sbt.plugins.JUnitXmlReportPlugin)))
[debug] Clause(Atom(sbt.plugins.CorePlugin),Set(Atom(sbt.plugins.Giter8TemplatePlugin)))
[debug] Clause(Atom(sbt.plugins.JvmPlugin),Set(Atom(sbt.plugins.MiniDependencyTreePlugin))))
[debug]   :: deduced result: Matched(sbt.plugins.CorePlugin,sbt.plugins.Giter8TemplatePlugin,sbt.plugins.IvyPlugin,sbt.plugins.JvmPlugin,sbt.plugins.MiniDependencyTreePlugin,sbt.plugins.JUnitXmlReportPlugin,sbt.plugins.SemanticdbPlugin)
[debug] Plugins.deducer#function took 14.6764 ms
[info] loading settings for project scrabble-build from idea.sbt ...
[debug]               Load.resolveProject(scrabble-build) took 34.465699ms
[debug]             Load.loadTransitive: finalizeProject(Project(id scrabble-build, base: C:\Users\tangu\OneDrive\01 UNI\01 Sommersemester 24\SE\Scrabble\Scrabble\project, plugins: List(<none>))) took 70.790399ms
[debug] [Loading] Done in C:\Users\tangu\OneDrive\01 UNI\01 Sommersemester 24\SE\Scrabble\Scrabble\project, returning: (scrabble-build)
[debug]           Load.loadUnit: loadedProjectsRaw took 896.8326ms
[debug]           Load.loadUnit: cleanEvalClasses took 10.8271ms
[debug]         Load.loadUnit(file:/C:/Users/tangu/OneDrive/01%20UNI/01%20Sommersemester%2024/SE/Scrabble/Scrabble/project/, ...) took 998.4276ms
[debug]       Load.apply: load took 1142.6057ms
[debug]       Load.apply: resolveProjects took 4.6262ms
[debug]       Load.apply: finalTransforms took 70.8311ms
[debug]       Load.apply: config.delegates took 7.6365ms
[debug]       Load.apply: Def.make(settings)... took 453.235301ms
[debug]       Load.apply: structureIndex took 102.0212ms
[debug]       Load.apply: mkStreams took 2.9506ms
[info] loading project definition from C:\Users\tangu\OneDrive\01 UNI\01 Sommersemester 24\SE\Scrabble\Scrabble\project
[debug] Running task... Cancel: Signal, check cycles: false, forcegc: true
[debug]     Load.loadUnit: plugins took 3568.315999ms
[debug]     Load.loadUnit: defsScala took 0.004299ms
[debug] [Loading] Scanning directory C:\Users\tangu\OneDrive\01 UNI\01 Sommersemester 24\SE\Scrabble\Scrabble
[debug]       Load.loadUnit: mkEval took 0.4425ms
[debug] [Loading] Found root project root w/ remaining 
[debug] deducing auto plugins based on known facts Set(Atom(sbt.plugins.CorePlugin)) and clauses Clauses(Clause(Atom(sbt.plugins.JvmPlugin),Set(Atom(sbt.plugins.IvyPlugin)))
[debug] Clause(Atom(sbt.ScriptedPlugin),Set(Atom(sbt.plugins.JvmPlugin)))
[debug] Clause(Atom(sbt.plugins.SbtPlugin),Set(Atom(sbt.ScriptedPlugin)))
[debug] Clause(Atom(sbt.plugins.SemanticdbPlugin),Set(Atom(sbt.plugins.JvmPlugin)))
[debug] Clause(Atom(sbt.plugins.JUnitXmlReportPlugin),Set(Atom(sbt.plugins.JvmPlugin)))
[debug] Clause(Atom(sbt.plugins.MiniDependencyTreePlugin),Set(Atom(sbt.plugins.JvmPlugin)))
[debug] Clause(Atom(org.jetbrains.sbt.StructurePlugin),Set(Atom(sbt.plugins.JvmPlugin)))
[debug] Clause(Atom(org.jetbrains.sbt.IdeaShellPlugin),Set(Atom(sbt.plugins.JvmPlugin)))
[debug] Clause(Atom(org.jetbrains.sbt.indices.SbtIntellijIndicesPlugin),Set(Atom(sbt.plugins.JvmPlugin)))
[debug] Clause(Atom(sbt.plugins.CorePlugin),Set(Atom(sbt.plugins.IvyPlugin)))
[debug] Clause(Atom(sbt.plugins.IvyPlugin),Set(Atom(sbt.plugins.JvmPlugin)))
[debug] Clause(Atom(sbt.plugins.JvmPlugin),Set(Atom(sbt.plugins.SemanticdbPlugin)))
[debug] Clause(Atom(sbt.plugins.JvmPlugin),Set(Atom(sbt.plugins.JUnitXmlReportPlugin)))
[debug] Clause(Atom(sbt.plugins.CorePlugin),Set(Atom(sbt.plugins.Giter8TemplatePlugin)))
[debug] Clause(Atom(sbt.plugins.JvmPlugin),Set(Atom(sbt.plugins.MiniDependencyTreePlugin)))
[debug] Clause(Atom(sbt.plugins.JvmPlugin),Set(Atom(org.jetbrains.sbt.StructurePlugin)))
[debug] Clause(Atom(sbt.plugins.JvmPlugin),Set(Atom(org.jetbrains.sbt.IdeaShellPlugin)))
[debug] Clause(And(Set(Atom(sbt.plugins.CorePlugin), Atom(sbt.plugins.JvmPlugin))),Set(Atom(org.jetbrains.sbt.indices.SbtIntellijIndicesPlugin))))
[debug]   :: deduced result: Matched(sbt.plugins.CorePlugin,sbt.plugins.Giter8TemplatePlugin,sbt.plugins.IvyPlugin,sbt.plugins.JvmPlugin,sbt.plugins.SemanticdbPlugin,org.jetbrains.sbt.indices.SbtIntellijIndicesPlugin,sbt.plugins.JUnitXmlReportPlugin,org.jetbrains.sbt.IdeaShellPlugin,org.jetbrains.sbt.StructurePlugin,sbt.plugins.MiniDependencyTreePlugin)
[debug] Plugins.deducer#function took 4.0591 ms
[info] loading settings for project root from build.sbt ...
[debug]         Load.resolveProject(root) took 42.396601ms
[debug]       Load.loadTransitive: finalizeProject(Project(id root, base: C:\Users\tangu\OneDrive\01 UNI\01 Sommersemester 24\SE\Scrabble\Scrabble, plugins: List(<none>))) took 48.389999ms
[debug] [Loading] Done in C:\Users\tangu\OneDrive\01 UNI\01 Sommersemester 24\SE\Scrabble\Scrabble, returning: (root)
[debug]     Load.loadUnit: loadedProjectsRaw took 2755.895901ms
[debug]     Load.loadUnit: cleanEvalClasses took 28.3209ms
[debug]   Load.loadUnit(file:/C:/Users/tangu/OneDrive/01%20UNI/01%20Sommersemester%2024/SE/Scrabble/Scrabble/, ...) took 6354.527199ms
[debug] Load.apply: load took 6374.068799ms
[debug] Load.apply: resolveProjects took 0.2367ms
[debug] Load.apply: finalTransforms took 34.539299ms
[debug] Load.apply: config.delegates took 0.399401ms
[debug] Load.apply: Def.make(settings)... took 92.865001ms
[debug] Load.apply: structureIndex took 39.185901ms
[debug] Load.apply: mkStreams took 0.004ms
[info] set current project to Scrabble (in build file:/C:/Users/tangu/OneDrive/01%20UNI/01%20Sommersemester%2024/SE/Scrabble/Scrabble/)
[debug] > Exec(sbtPopOnFailure, None, None)
[debug] > Exec(resumeFromFailure, None, None)
[debug] > Exec(notifyUsersAboutShell, None, None)
[debug] > Exec(iflast shell, None, None)
[debug] > Exec(; set ideaPort in Global := 64733 ; idea-shell, None, None)
[debug] > Exec(set ideaPort in Global := 64733, None, None)
[info] Defining Global / ideaPort
[info] The new value will be used by Compile / compile, Test / compile
[debug] Defining 
[debug] 	Global / ideaPort
[debug] 
[debug] The new value will be used by 
[debug] 	Compile / compile
[debug] 	Test / compile
[info] Reapplying settings...
[info] set current project to Scrabble (in build file:/C:/Users/tangu/OneDrive/01%20UNI/01%20Sommersemester%2024/SE/Scrabble/Scrabble/)
[debug] > Exec(idea-shell, None, None)
